{
  "RSpec": {
    "coverage": {
      "/Users/ul-tech4/RubyTrain/CalcCMD/Calulator/lib/calc.rb": [
        1,
        1,
        1,
        1
      ],
      "/Users/ul-tech4/RubyTrain/CalcCMD/Calulator/lib/calculator.rb": [
        null,
        1,
        null,
        1,
        0,
        null,
        null,
        1,
        0,
        null,
        null,
        1,
        0,
        null,
        null,
        1,
        0,
        null,
        null,
        1,
        0,
        null,
        null,
        1,
        0,
        null,
        null,
        1,
        0,
        null,
        null,
        1,
        0,
        null,
        null,
        1,
        0,
        null,
        null,
        1,
        0,
        null,
        null
      ],
      "/Users/ul-tech4/RubyTrain/CalcCMD/Calulator/lib/parser.rb": [
        null,
        1,
        1,
        0,
        null,
        null,
        1,
        0,
        0,
        0,
        0,
        null,
        0,
        null,
        0,
        null,
        0,
        null,
        0,
        null,
        0,
        null,
        0,
        null,
        0,
        null,
        0,
        null,
        0,
        null,
        0,
        null,
        null,
        null,
        null,
        null,
        null,
        null,
        null,
        null,
        null,
        null,
        null
      ],
      "/Users/ul-tech4/RubyTrain/CalcCMD/Calulator/lib/calculator_command_line_interface.rb": [
        null,
        1,
        1,
        0,
        null,
        1,
        0,
        0,
        0,
        0,
        0,
        null,
        0,
        null,
        null,
        null,
        null,
        null
      ],
      "/Users/ul-tech4/RubyTrain/CalcCMD/Calulator/lib/commands.rb": [
        1,
        1,
        1,
        1,
        1,
        1,
        1,
        1,
        1,
        1
      ],
      "/Users/ul-tech4/RubyTrain/CalcCMD/Calulator/lib/commands/base_command.rb": [
        null,
        1,
        1,
        0,
        0,
        null,
        null
      ],
      "/Users/ul-tech4/RubyTrain/CalcCMD/Calulator/lib/commands/add_command.rb": [
        null,
        1,
        null,
        1,
        0,
        null,
        null,
        null
      ],
      "/Users/ul-tech4/RubyTrain/CalcCMD/Calulator/lib/commands/subtract_command.rb": [
        null,
        1,
        null,
        1,
        0,
        null,
        null
      ],
      "/Users/ul-tech4/RubyTrain/CalcCMD/Calulator/lib/commands/multiply_command.rb": [
        null,
        1,
        null,
        1,
        0,
        null,
        null
      ],
      "/Users/ul-tech4/RubyTrain/CalcCMD/Calulator/lib/commands/division_command.rb": [
        null,
        1,
        null,
        1,
        0,
        null,
        null
      ],
      "/Users/ul-tech4/RubyTrain/CalcCMD/Calulator/lib/commands/cancel_command.rb": [
        null,
        1,
        1,
        0,
        null,
        null
      ],
      "/Users/ul-tech4/RubyTrain/CalcCMD/Calulator/lib/commands/sqr_command.rb": [
        null,
        1,
        null,
        1,
        0,
        null,
        null,
        null
      ],
      "/Users/ul-tech4/RubyTrain/CalcCMD/Calulator/lib/commands/negate_command.rb": [
        null,
        1,
        null,
        1,
        0,
        null,
        null,
        null
      ],
      "/Users/ul-tech4/RubyTrain/CalcCMD/Calulator/lib/commands/abs_command.rb": [
        null,
        1,
        null,
        1,
        0,
        null,
        null,
        null
      ],
      "/Users/ul-tech4/RubyTrain/CalcCMD/Calulator/lib/commands/cube_command.rb": [
        null,
        1,
        null,
        1,
        0,
        null,
        null,
        null
      ]
    },
    "timestamp": 1433842192
  }
}
