{
  "RSpec": {
    "coverage": {
      "/Users/ul-tech4/RubyTrain/CalcCMD/Calulator/lib/calc.rb": [
        1,
        1,
        1,
        1,
        1
      ],
      "/Users/ul-tech4/RubyTrain/CalcCMD/Calulator/lib/calculator.rb": [
        null,
        1,
        null,
        1,
        29,
        null,
        null,
        1,
        20,
        null,
        null,
        1,
        4,
        null,
        null,
        1,
        4,
        null,
        null,
        1,
        3,
        1,
        null,
        2,
        null,
        null,
        1,
        1,
        null,
        null,
        1,
        2,
        1,
        null,
        1,
        null,
        null,
        1,
        2,
        null,
        null,
        1,
        1,
        null,
        null,
        1,
        2,
        null,
        null,
        1,
        2,
        null,
        null,
        1,
        2,
        null,
        null,
        1,
        0,
        null,
        null,
        null
      ],
      "/Users/ul-tech4/RubyTrain/CalcCMD/Calulator/lib/parser.rb": [
        null,
        1,
        1,
        5,
        5,
        null,
        null,
        1,
        5,
        5,
        5,
        5,
        null,
        1,
        null,
        0,
        null,
        0,
        null,
        0,
        null,
        1,
        null,
        0,
        null,
        1,
        null,
        1,
        null,
        0,
        null,
        0,
        null,
        1,
        null,
        0,
        null,
        0,
        null,
        0,
        null,
        null,
        null,
        null,
        null,
        null,
        null,
        null,
        null,
        null,
        null,
        null
      ],
      "/Users/ul-tech4/RubyTrain/CalcCMD/Calulator/lib/calculator_command_line_interface.rb": [
        null,
        1,
        1,
        0,
        0,
        null,
        1,
        0,
        0,
        0,
        0,
        0,
        0,
        null,
        0,
        null,
        null,
        null,
        null
      ],
      "/Users/ul-tech4/RubyTrain/CalcCMD/Calulator/lib/commands.rb": [
        1,
        1,
        1,
        1,
        1,
        1,
        1,
        1,
        1,
        1,
        1,
        1,
        1
      ],
      "/Users/ul-tech4/RubyTrain/CalcCMD/Calulator/lib/commands/base_command.rb": [
        null,
        1,
        1,
        0,
        null,
        null,
        1,
        1,
        10,
        10,
        null,
        0,
        null,
        10,
        null,
        null
      ],
      "/Users/ul-tech4/RubyTrain/CalcCMD/Calulator/lib/commands/add_command.rb": [
        null,
        1,
        1,
        5,
        0,
        null,
        5,
        5,
        null,
        1,
        5,
        null,
        null,
        null
      ],
      "/Users/ul-tech4/RubyTrain/CalcCMD/Calulator/lib/commands/subtract_command.rb": [
        null,
        1,
        null,
        1,
        2,
        0,
        null,
        2,
        2,
        null,
        null,
        1,
        3,
        null,
        null
      ],
      "/Users/ul-tech4/RubyTrain/CalcCMD/Calulator/lib/commands/multiply_command.rb": [
        null,
        1,
        null,
        1,
        1,
        0,
        null,
        1,
        1,
        null,
        null,
        1,
        1,
        null,
        null
      ],
      "/Users/ul-tech4/RubyTrain/CalcCMD/Calulator/lib/commands/division_command.rb": [
        null,
        1,
        null,
        1,
        2,
        0,
        null,
        2,
        2,
        null,
        null,
        1,
        2,
        null,
        null
      ],
      "/Users/ul-tech4/RubyTrain/CalcCMD/Calulator/lib/commands/cancel_command.rb": [
        null,
        1,
        null,
        1,
        2,
        0,
        null,
        2,
        null,
        null,
        1,
        2,
        null,
        null
      ],
      "/Users/ul-tech4/RubyTrain/CalcCMD/Calulator/lib/commands/square_command.rb": [
        null,
        1,
        null,
        1,
        2,
        0,
        null,
        2,
        null,
        null,
        1,
        1,
        null,
        null,
        null
      ],
      "/Users/ul-tech4/RubyTrain/CalcCMD/Calulator/lib/commands/negate_command.rb": [
        null,
        1,
        null,
        1,
        3,
        0,
        null,
        3,
        null,
        null,
        1,
        2,
        null,
        null,
        null
      ],
      "/Users/ul-tech4/RubyTrain/CalcCMD/Calulator/lib/commands/abs_command.rb": [
        null,
        1,
        null,
        1,
        3,
        0,
        null,
        3,
        null,
        null,
        1,
        2,
        null,
        null,
        null
      ],
      "/Users/ul-tech4/RubyTrain/CalcCMD/Calulator/lib/commands/cube_command.rb": [
        null,
        1,
        null,
        1,
        2,
        0,
        null,
        2,
        null,
        null,
        1,
        1,
        null,
        null,
        null
      ],
      "/Users/ul-tech4/RubyTrain/CalcCMD/Calulator/lib/commands/square_root_command.rb": [
        null,
        1,
        null,
        1,
        2,
        0,
        null,
        2,
        null,
        null,
        1,
        2,
        null,
        null,
        null
      ],
      "/Users/ul-tech4/RubyTrain/CalcCMD/Calulator/lib/commands/cube_root_command.rb": [
        null,
        1,
        null,
        1,
        2,
        0,
        null,
        2,
        null,
        null,
        1,
        2,
        null,
        null,
        null
      ],
      "/Users/ul-tech4/RubyTrain/CalcCMD/Calulator/lib/commands/repeat_command.rb": [
        null,
        1,
        null,
        1,
        2,
        0,
        null,
        2,
        2,
        2,
        null,
        null,
        1,
        1,
        1,
        1,
        2,
        null,
        1,
        null,
        null
      ],
      "/Users/ul-tech4/RubyTrain/CalcCMD/Calulator/lib/command_store.rb": [
        null,
        1,
        1,
        7,
        null,
        null,
        1,
        3,
        null,
        null,
        1,
        2,
        null,
        null
      ],
      "/Users/ul-tech4/RubyTrain/CalcCMD/Calulator/spec/calculator_spec.rb": [
        1,
        null,
        1,
        1,
        1,
        1,
        1,
        null,
        null,
        null,
        1,
        1,
        1,
        1,
        null,
        null,
        null,
        1,
        1,
        1,
        1,
        1,
        1,
        null,
        null,
        1,
        1,
        1,
        1,
        null,
        null,
        null,
        1,
        1,
        1,
        1,
        1,
        null,
        null,
        null,
        null
      ],
      "/Users/ul-tech4/RubyTrain/CalcCMD/Calulator/spec/command_store_spec.rb": [
        1,
        null,
        1,
        1,
        1,
        1,
        1,
        1,
        1,
        null,
        null
      ],
      "/Users/ul-tech4/RubyTrain/CalcCMD/Calulator/spec/commands_spec/abs_command_spec.rb": [
        1,
        null,
        1,
        1,
        1,
        1,
        1,
        1,
        null,
        null,
        1,
        1,
        1,
        1,
        1,
        null,
        null
      ],
      "/Users/ul-tech4/RubyTrain/CalcCMD/Calulator/spec/commands_spec/add_command_spec.rb": [
        1,
        null,
        1,
        1,
        1,
        1,
        1,
        1,
        null,
        null
      ],
      "/Users/ul-tech4/RubyTrain/CalcCMD/Calulator/spec/commands_spec/cancel_command_spec.rb": [
        1,
        null,
        1,
        1,
        1,
        1,
        1,
        null,
        null,
        1,
        1,
        1,
        1,
        1,
        1,
        null,
        null
      ],
      "/Users/ul-tech4/RubyTrain/CalcCMD/Calulator/spec/commands_spec/cube_command_spec.rb": [
        1,
        null,
        1,
        1,
        1,
        1,
        1,
        1,
        null,
        null
      ],
      "/Users/ul-tech4/RubyTrain/CalcCMD/Calulator/spec/commands_spec/cube_root_command_spec.rb": [
        1,
        null,
        1,
        1,
        1,
        1,
        1,
        1,
        null,
        null,
        1,
        1,
        1,
        1,
        1,
        null,
        null
      ],
      "/Users/ul-tech4/RubyTrain/CalcCMD/Calulator/spec/commands_spec/division_command_spec.rb": [
        1,
        null,
        1,
        1,
        1,
        1,
        1,
        1,
        1,
        1,
        null,
        null,
        1,
        1,
        1,
        1,
        1,
        2,
        null,
        null
      ],
      "/Users/ul-tech4/RubyTrain/CalcCMD/Calulator/spec/commands_spec/multiply_command_spec.rb": [
        1,
        null,
        1,
        1,
        1,
        1,
        1,
        1,
        null,
        null
      ],
      "/Users/ul-tech4/RubyTrain/CalcCMD/Calulator/spec/commands_spec/negate_command_spec.rb": [
        1,
        null,
        1,
        1,
        1,
        1,
        1,
        1,
        null,
        null,
        1,
        1,
        1,
        1,
        1,
        null,
        null
      ],
      "/Users/ul-tech4/RubyTrain/CalcCMD/Calulator/spec/commands_spec/repeat_command_spec.rb": [
        1,
        null,
        1,
        1,
        1,
        1,
        1,
        1,
        1,
        1,
        1,
        1,
        1,
        1,
        null,
        null
      ],
      "/Users/ul-tech4/RubyTrain/CalcCMD/Calulator/spec/commands_spec/square_command_spec.rb": [
        1,
        null,
        1,
        1,
        1,
        1,
        1,
        1,
        null,
        null
      ],
      "/Users/ul-tech4/RubyTrain/CalcCMD/Calulator/spec/commands_spec/square_root_command_spec.rb": [
        1,
        null,
        1,
        1,
        1,
        1,
        1,
        1,
        null,
        null,
        1,
        1,
        1,
        1,
        2,
        null,
        null
      ],
      "/Users/ul-tech4/RubyTrain/CalcCMD/Calulator/spec/commands_spec/subtract_command_spec.rb": [
        1,
        null,
        1,
        1,
        1,
        1,
        1,
        1,
        null,
        null
      ],
      "/Users/ul-tech4/RubyTrain/CalcCMD/Calulator/spec/parser_spec.rb": [
        1,
        null,
        1,
        1,
        1,
        1,
        1,
        null,
        1,
        1,
        1,
        null,
        1,
        1,
        1,
        null,
        1,
        1,
        1,
        null,
        1,
        1,
        1,
        null,
        null,
        null,
        null,
        null,
        null,
        null,
        null
      ]
    },
    "timestamp": 1433917975
  }
}
